/home/yuanyige/Ladiff_nll/train.py
Using dataset: cifar100
Train data shape: (50000, 32, 32, 3), label shape: 50000
Test data shape: (10000, 32, 32, 3), label shape: 10000
Test ood data shape: (90000, 32, 32, 3), label shape: 90000
using device: cuda
using model: resnet-18
using protocol: standard
using training augmentors: none
using training attacker: none
using evaluating attacker: none
using scheduler: cosanlr, warmup 0

[Epoch 1] - Time taken: 0:00:34
Train	Acc: 10.04%, ClassLoss: 3.88
Eval Nature Samples
	Acc: 12.04%, Loss: 3.90
Eval O.O.D. Samples
	Acc: 11.22%, Loss: 3.97

[Epoch 2] - Time taken: 0:00:33
Train	Acc: 19.84%, ClassLoss: 3.26
Eval Nature Samples
	Acc: 21.94%, Loss: 3.21
Eval O.O.D. Samples
	Acc: 20.52%, Loss: 3.29

[Epoch 3] - Time taken: 0:00:33
Train	Acc: 29.18%, ClassLoss: 2.77
Eval Nature Samples
	Acc: 31.07%, Loss: 2.71
Eval O.O.D. Samples
	Acc: 27.75%, Loss: 2.92

[Epoch 4] - Time taken: 0:00:33
Train	Acc: 37.35%, ClassLoss: 2.36
Eval Nature Samples
	Acc: 35.88%, Loss: 2.48
Eval O.O.D. Samples
	Acc: 32.34%, Loss: 2.70

[Epoch 5] - Time taken: 0:00:33
Train	Acc: 44.34%, ClassLoss: 2.04
Eval Nature Samples
	Acc: 43.96%, Loss: 2.10
Eval O.O.D. Samples
	Acc: 38.10%, Loss: 2.39

[Epoch 6] - Time taken: 0:00:33
Train	Acc: 49.69%, ClassLoss: 1.81
Eval Nature Samples
	Acc: 42.95%, Loss: 2.20
Eval O.O.D. Samples
	Acc: 34.74%, Loss: 2.70

[Epoch 7] - Time taken: 0:00:33
Train	Acc: 53.82%, ClassLoss: 1.64
Eval Nature Samples
	Acc: 49.33%, Loss: 1.89
Eval O.O.D. Samples
	Acc: 42.48%, Loss: 2.28

[Epoch 8] - Time taken: 0:00:33
Train	Acc: 57.29%, ClassLoss: 1.50
Eval Nature Samples
	Acc: 49.29%, Loss: 1.88
Eval O.O.D. Samples
	Acc: 41.46%, Loss: 2.32

[Epoch 9] - Time taken: 0:00:34
Train	Acc: 60.19%, ClassLoss: 1.39
Eval Nature Samples
	Acc: 54.98%, Loss: 1.63
Eval O.O.D. Samples
	Acc: 46.03%, Loss: 2.13

[Epoch 10] - Time taken: 0:00:34
Train	Acc: 62.01%, ClassLoss: 1.31
Eval Nature Samples
	Acc: 55.03%, Loss: 1.64
Eval O.O.D. Samples
	Acc: 44.85%, Loss: 2.23

[Epoch 11] - Time taken: 0:00:34
Train	Acc: 64.05%, ClassLoss: 1.24
Eval Nature Samples
	Acc: 55.81%, Loss: 1.61
Eval O.O.D. Samples
	Acc: 46.10%, Loss: 2.15

[Epoch 12] - Time taken: 0:00:34
Train	Acc: 66.04%, ClassLoss: 1.17
Eval Nature Samples
	Acc: 59.58%, Loss: 1.45
Eval O.O.D. Samples
	Acc: 48.71%, Loss: 2.02

[Epoch 13] - Time taken: 0:00:34
Train	Acc: 66.76%, ClassLoss: 1.12
Eval Nature Samples
	Acc: 55.57%, Loss: 1.65
Eval O.O.D. Samples
	Acc: 44.89%, Loss: 2.27
